<?xml version="1.0" encoding="UTF-8"?>
<!-- Generated by org.testng.reporters.JUnitXMLReporter -->
<testsuite ignored="0" hostname="EPINHYDW0C0A" failures="1" tests="3" name="listeners test" time="0.045" errors="0" timestamp="2021-12-25T13:05:27 IST">
  <testcase classname="listeners.TestClass" name="test1" time="0.008"/>
  <testcase classname="listeners.TestClass" name="test2" time="0.002">
    <failure type="java.lang.AssertionError" message="expected [M] but found [V]">
      <![CDATA[java.lang.AssertionError: expected [M] but found [V]
at listeners.TestClass.test2(TestClass.java:20)
at java.base/java.util.ArrayList.forEach(ArrayList.java:1511)
... Removed 33 stack frames]]>
    </failure>
  </testcase> <!-- test2 -->
  <testcase classname="listeners.TestClass" name="test3" time="0.001">
    <skipped/>
  </testcase> <!-- test3 -->
</testsuite> <!-- listeners test -->
