<?xml version="1.0" encoding="UTF-8"?>
<testng-results ignored="0" total="2" passed="2" failed="0" skipped="0">
  <reporter-output>
  </reporter-output>
  <suite started-at="2022-01-06T17:13:02 IST" name="Default suite" finished-at="2022-01-06T17:13:02 IST" duration-ms="34">
    <groups>
    </groups>
    <test started-at="2022-01-06T17:13:02 IST" name="Default test" finished-at="2022-01-06T17:13:02 IST" duration-ms="34">
      <class name="com.epam.testng.TestngAnnotationsDemo">
        <test-method is-config="true" signature="beforeSuite()[pri:0, instance:com.epam.testng.TestngAnnotationsDemo@123ef382]" started-at="2022-01-06T17:13:02 IST" name="beforeSuite" finished-at="2022-01-06T17:13:02 IST" duration-ms="4" status="PASS">
          <reporter-output>
          </reporter-output>
        </test-method> <!-- beforeSuite -->
        <test-method is-config="true" signature="beforeClass()[pri:0, instance:com.epam.testng.TestngAnnotationsDemo@123ef382]" started-at="2022-01-06T17:13:02 IST" name="beforeClass" finished-at="2022-01-06T17:13:02 IST" duration-ms="0" status="PASS">
          <reporter-output>
          </reporter-output>
        </test-method> <!-- beforeClass -->
        <test-method is-config="true" signature="beforeMethod()[pri:0, instance:com.epam.testng.TestngAnnotationsDemo@123ef382]" started-at="2022-01-06T17:13:02 IST" name="beforeMethod" finished-at="2022-01-06T17:13:02 IST" duration-ms="0" status="PASS">
          <reporter-output>
          </reporter-output>
        </test-method> <!-- beforeMethod -->
        <test-method signature="test1()[pri:0, instance:com.epam.testng.TestngAnnotationsDemo@123ef382]" started-at="2022-01-06T17:13:02 IST" name="test1" finished-at="2022-01-06T17:13:02 IST" duration-ms="4" status="PASS">
          <reporter-output>
          </reporter-output>
        </test-method> <!-- test1 -->
        <test-method is-config="true" signature="AfterMethod()[pri:0, instance:com.epam.testng.TestngAnnotationsDemo@123ef382]" started-at="2022-01-06T17:13:02 IST" name="AfterMethod" finished-at="2022-01-06T17:13:02 IST" duration-ms="1" status="PASS">
          <reporter-output>
          </reporter-output>
        </test-method> <!-- AfterMethod -->
        <test-method signature="test2()[pri:0, instance:com.epam.testng.TestngAnnotationsDemo@123ef382]" started-at="2022-01-06T17:13:02 IST" name="test2" finished-at="2022-01-06T17:13:02 IST" duration-ms="2" status="PASS">
          <reporter-output>
          </reporter-output>
        </test-method> <!-- test2 -->
        <test-method is-config="true" signature="beforeMethod()[pri:0, instance:com.epam.testng.TestngAnnotationsDemo@123ef382]" started-at="2022-01-06T17:13:02 IST" name="beforeMethod" finished-at="2022-01-06T17:13:02 IST" duration-ms="0" status="PASS">
          <reporter-output>
          </reporter-output>
        </test-method> <!-- beforeMethod -->
        <test-method is-config="true" signature="AfterMethod()[pri:0, instance:com.epam.testng.TestngAnnotationsDemo@123ef382]" started-at="2022-01-06T17:13:02 IST" name="AfterMethod" finished-at="2022-01-06T17:13:02 IST" duration-ms="0" status="PASS">
          <reporter-output>
          </reporter-output>
        </test-method> <!-- AfterMethod -->
        <test-method is-config="true" signature="afterClass()[pri:0, instance:com.epam.testng.TestngAnnotationsDemo@123ef382]" started-at="2022-01-06T17:13:02 IST" name="afterClass" finished-at="2022-01-06T17:13:02 IST" duration-ms="0" status="PASS">
          <reporter-output>
          </reporter-output>
        </test-method> <!-- afterClass -->
        <test-method is-config="true" signature="AfterSuite()[pri:0, instance:com.epam.testng.TestngAnnotationsDemo@123ef382]" started-at="2022-01-06T17:13:02 IST" name="AfterSuite" finished-at="2022-01-06T17:13:02 IST" duration-ms="0" status="PASS">
          <reporter-output>
          </reporter-output>
        </test-method> <!-- AfterSuite -->
      </class> <!-- com.epam.testng.TestngAnnotationsDemo -->
    </test> <!-- Default test -->
  </suite> <!-- Default suite -->
</testng-results>
