<?xml version="1.0" encoding="UTF-8"?>
<testng-results ignored="0" total="1" passed="1" failed="0" skipped="0">
  <reporter-output>
  </reporter-output>
  <suite started-at="2022-01-05T16:13:11 IST" name="Default suite" finished-at="2022-01-05T16:13:13 IST" duration-ms="1898">
    <groups>
    </groups>
    <test started-at="2022-01-05T16:13:11 IST" name="Default test" finished-at="2022-01-05T16:13:13 IST" duration-ms="1898">
      <class name="rest.Demo1">
        <test-method signature="getWeatherDetails()[pri:0, instance:rest.Demo1@78e117e3]" started-at="2022-01-05T16:13:11 IST" name="getWeatherDetails" finished-at="2022-01-05T16:13:13 IST" duration-ms="1863" status="PASS">
          <reporter-output>
          </reporter-output>
        </test-method> <!-- getWeatherDetails -->
      </class> <!-- rest.Demo1 -->
    </test> <!-- Default test -->
  </suite> <!-- Default suite -->
</testng-results>
