<?xml version="1.0" encoding="UTF-8"?>
<testng-results ignored="0" total="1" passed="1" failed="0" skipped="0">
  <reporter-output>
  </reporter-output>
  <suite started-at="2022-02-04T12:38:40 IST" name="Default suite" finished-at="2022-02-04T12:38:58 IST" duration-ms="17077">
    <groups>
    </groups>
    <test started-at="2022-02-04T12:38:40 IST" name="Default test" finished-at="2022-02-04T12:38:58 IST" duration-ms="17077">
      <class name="cs.csharp.Demo">
        <test-method signature="openBrowser()[pri:0, instance:cs.csharp.Demo@f5ac9e4]" started-at="2022-02-04T12:38:40 IST" name="openBrowser" finished-at="2022-02-04T12:38:58 IST" duration-ms="17044" status="PASS">
          <reporter-output>
          </reporter-output>
        </test-method> <!-- openBrowser -->
      </class> <!-- cs.csharp.Demo -->
    </test> <!-- Default test -->
  </suite> <!-- Default suite -->
</testng-results>
